
6월 10, 2024 09:12:39.62 NEW SESSION
6월 10, 2024 09:12:39.63 Created TensorFlow Lite XNNPACK delegate for CPU.
6월 10, 2024 09:14:58.04 Created TensorFlow Lite XNNPACK delegate for CPU.

6월 14, 2024 15:35:53.71 NEW SESSION
6월 14, 2024 15:35:53.72 Created TensorFlow Lite XNNPACK delegate for CPU.
6월 14, 2024 15:42:07.48 Created TensorFlow Lite XNNPACK delegate for CPU.
6월 14, 2024 15:42:36.12 Created TensorFlow Lite XNNPACK delegate for CPU.
6월 14, 2024 16:47:04.20 Created TensorFlow Lite XNNPACK delegate for CPU.
6월 14, 2024 17:17:16.01 [14304:3404:0614/171716.009:ERROR:CONSOLE(1)] "Request Network.loadNetworkResource failed. {"code":-32602,"message":"Unsupported URL scheme"}", source: devtools://devtools/bundled/devtools-frontend/front_end/core/protocol_client/protocol_client.js (1)

6월 21, 2024 11:48:48.89 NEW SESSION
6월 21, 2024 11:48:48.90 Created TensorFlow Lite XNNPACK delegate for CPU.

6월 25, 2024 09:36:08.68 NEW SESSION
6월 25, 2024 09:36:08.68 Created TensorFlow Lite XNNPACK delegate for CPU.
6월 25, 2024 11:45:32.29 [5840:20464:0625/114532.291:ERROR:interface_endpoint_client.cc(722)] Message 1 rejected by interface blink.mojom.WidgetHost
6월 25, 2024 11:46:11.96 [5840:20140:0625/114611.961:ERROR:cert_verify_proc_builtin.cc(1051)] CertVerifyProcBuiltin for www.moneybook.co.kr failed:
6월 25, 2024 11:46:11.96 ----- Certificate i=0 (CN=localhost,O=Default Company Ltd,L=Default City,C=XX) -----
6월 25, 2024 11:46:11.96 ERROR: No matching issuer found
6월 25, 2024 11:46:11.96 
6월 25, 2024 11:46:11.96 

6월 26, 2024 09:42:37.53 NEW SESSION
6월 26, 2024 09:42:37.54 Created TensorFlow Lite XNNPACK delegate for CPU.
6월 26, 2024 16:39:38.27 [25424:18472:0626/163938.274:ERROR:interface_endpoint_client.cc(722)] Message 1 rejected by interface blink.mojom.WidgetHost
6월 26, 2024 16:58:33.70 [25424:17980:0626/165833.707:ERROR:cert_verify_proc_builtin.cc(1051)] CertVerifyProcBuiltin for bootstrap.com failed:
6월 26, 2024 16:58:33.70 ----- Certificate i=0 (CN=loadbalancer.localdomain,O=Loadbalancer.org,ST=Delaware,C=US) -----
6월 26, 2024 16:58:33.70 ERROR: No matching issuer found
6월 26, 2024 16:58:33.70 
6월 26, 2024 16:58:33.70 
6월 26, 2024 16:58:34.98 [25424:17980:0626/165834.984:ERROR:cert_verify_proc_builtin.cc(1051)] CertVerifyProcBuiltin for www.bootstrap.com failed:
6월 26, 2024 16:58:34.98 ----- Certificate i=0 (CN=loadbalancer.localdomain,O=Loadbalancer.org,ST=Delaware,C=US) -----
6월 26, 2024 16:58:34.98 ERROR: No matching issuer found
6월 26, 2024 16:58:34.98 
6월 26, 2024 16:58:34.98 
6월 26, 2024 17:08:48.48 [25424:18472:0626/170848.486:ERROR:interface_endpoint_client.cc(722)] Message 1 rejected by interface blink.mojom.WidgetHost
